# JRE version: OpenJDK Runtime Environment (8.0_242-b01) (build 1.8.0_242-release-1644-b01)
# Java VM: OpenJDK 64-Bit Server VM (25.242-b01 mixed mode windows-amd64 compressed oops)
Heap:
 PSYoungGen      total 138752K, used 106169K [0x00000000d5580000, 0x00000000e2c00000, 0x0000000100000000)
  eden space 127488K, 83% used [0x00000000d5580000,0x00000000dbd2e470,0x00000000dd200000)
  from space 11264K, 0% used [0x00000000dd200000,0x00000000dd200000,0x00000000ddd00000)
  to   space 12800K, 0% used [0x00000000e1f80000,0x00000000e1f80000,0x00000000e2c00000)
 ParOldGen       total 61440K, used 17404K [0x0000000080000000, 0x0000000083c00000, 0x00000000d5580000)
  object space 61440K, 28% used [0x0000000080000000,0x00000000810ff350,0x0000000083c00000)
 Metaspace       used 36889K, capacity 38420K, committed 38744K, reserved 1083392K
  class space    used 5062K, capacity 5401K, committed 5504K, reserved 1048576K
GC Heap History (10 events):
Event: 5.548 GC heap before
{Heap before GC invocations=7 (full 0):
 PSYoungGen      total 75776K, used 10841K [0x00000000d5580000, 0x00000000dac80000, 0x0000000100000000)
  eden space 65536K, 3% used [0x00000000d5580000,0x00000000d57a0bd8,0x00000000d9580000)
  from space 10240K, 84% used [0x00000000da080000,0x00000000da8f5b58,0x00000000daa80000)
  to   space 11264K, 0% used [0x00000000d9580000,0x00000000d9580000,0x00000000da080000)
 ParOldGen       total 87552K, used 6441K [0x0000000080000000, 0x0000000085580000, 0x00000000d5580000)
  object space 87552K, 7% used [0x0000000080000000,0x000000008064a758,0x0000000085580000)
 Metaspace       used 20568K, capacity 21192K, committed 21248K, reserved 1067008K
  class space    used 2859K, capacity 3044K, committed 3072K, reserved 1048576K
Event: 5.558 GC heap after
Heap after GC invocations=7 (full 0):
 PSYoungGen      total 76800K, used 3764K [0x00000000d5580000, 0x00000000dea80000, 0x0000000100000000)
  eden space 65536K, 0% used [0x00000000d5580000,0x00000000d5580000,0x00000000d9580000)
  from space 11264K, 33% used [0x00000000d9580000,0x00000000d992d040,0x00000000da080000)
  to   space 10752K, 0% used [0x00000000de000000,0x00000000de000000,0x00000000dea80000)
 ParOldGen       total 87552K, used 8713K [0x0000000080000000, 0x0000000085580000, 0x00000000d5580000)
  object space 87552K, 9% used [0x0000000080000000,0x00000000808827a8,0x0000000085580000)
 Metaspace       used 20568K, capacity 21192K, committed 21248K, reserved 1067008K
  class space    used 2859K, capacity 3044K, committed 3072K, reserved 1048576K
}
Event: 5.558 GC heap before
{Heap before GC invocations=8 (full 1):
 PSYoungGen      total 76800K, used 3764K [0x00000000d5580000, 0x00000000dea80000, 0x0000000100000000)
  eden space 65536K, 0% used [0x00000000d5580000,0x00000000d5580000,0x00000000d9580000)
  from space 11264K, 33% used [0x00000000d9580000,0x00000000d992d040,0x00000000da080000)
  to   space 10752K, 0% used [0x00000000de000000,0x00000000de000000,0x00000000dea80000)
 ParOldGen       total 87552K, used 8713K [0x0000000080000000, 0x0000000085580000, 0x00000000d5580000)
  object space 87552K, 9% used [0x0000000080000000,0x00000000808827a8,0x0000000085580000)
 Metaspace       used 20568K, capacity 21192K, committed 21248K, reserved 1067008K
  class space    used 2859K, capacity 3044K, committed 3072K, reserved 1048576K
Event: 5.604 GC heap after
Heap after GC invocations=8 (full 1):
 PSYoungGen      total 76800K, used 0K [0x00000000d5580000, 0x00000000dea80000, 0x0000000100000000)
  eden space 65536K, 0% used [0x00000000d5580000,0x00000000d5580000,0x00000000d9580000)
  from space 11264K, 0% used [0x00000000d9580000,0x00000000d9580000,0x00000000da080000)
  to   space 10752K, 0% used [0x00000000de000000,0x00000000de000000,0x00000000dea80000)
 ParOldGen       total 46592K, used 6722K [0x0000000080000000, 0x0000000082d80000, 0x00000000d5580000)
  object space 46592K, 14% used [0x0000000080000000,0x00000000806909e0,0x0000000082d80000)
 Metaspace       used 20568K, capacity 21192K, committed 21248K, reserved 1067008K
  class space    used 2859K, capacity 3044K, committed 3072K, reserved 1048576K
}
Event: 9.005 GC heap before
{Heap before GC invocations=9 (full 1):
 PSYoungGen      total 76800K, used 65536K [0x00000000d5580000, 0x00000000dea80000, 0x0000000100000000)
  eden space 65536K, 100% used [0x00000000d5580000,0x00000000d9580000,0x00000000d9580000)
  from space 11264K, 0% used [0x00000000d9580000,0x00000000d9580000,0x00000000da080000)
  to   space 10752K, 0% used [0x00000000de000000,0x00000000de000000,0x00000000dea80000)
 ParOldGen       total 46592K, used 6722K [0x0000000080000000, 0x0000000082d80000, 0x00000000d5580000)
  object space 46592K, 14% used [0x0000000080000000,0x00000000806909e0,0x0000000082d80000)
 Metaspace       used 28523K, capacity 29342K, committed 29568K, reserved 1075200K
  class space    used 3929K, capacity 4155K, committed 4224K, reserved 1048576K
Event: 9.013 GC heap after
Heap after GC invocations=9 (full 1):
 PSYoungGen      total 134144K, used 8120K [0x00000000d5580000, 0x00000000de800000, 0x0000000100000000)
  eden space 125952K, 0% used [0x00000000d5580000,0x00000000d5580000,0x00000000dd080000)
  from space 8192K, 99% used [0x00000000de000000,0x00000000de7ee0f0,0x00000000de800000)
  to   space 11264K, 0% used [0x00000000dd200000,0x00000000dd200000,0x00000000ddd00000)
 ParOldGen       total 46592K, used 6730K [0x0000000080000000, 0x0000000082d80000, 0x00000000d5580000)
  object space 46592K, 14% used [0x0000000080000000,0x00000000806929e0,0x0000000082d80000)
 Metaspace       used 28523K, capacity 29342K, committed 29568K, reserved 1075200K
  class space    used 3929K, capacity 4155K, committed 4224K, reserved 1048576K
}
Event: 15.686 GC heap before
{Heap before GC invocations=10 (full 1):
 PSYoungGen      total 134144K, used 103646K [0x00000000d5580000, 0x00000000de800000, 0x0000000100000000)
  eden space 125952K, 75% used [0x00000000d5580000,0x00000000db2c9940,0x00000000dd080000)
  from space 8192K, 99% used [0x00000000de000000,0x00000000de7ee0f0,0x00000000de800000)
  to   space 11264K, 0% used [0x00000000dd200000,0x00000000dd200000,0x00000000ddd00000)
 ParOldGen       total 46592K, used 6730K [0x0000000080000000, 0x0000000082d80000, 0x00000000d5580000)
  object space 46592K, 14% used [0x0000000080000000,0x00000000806929e0,0x0000000082d80000)
 Metaspace       used 34268K, capacity 35380K, committed 35416K, reserved 1079296K
  class space    used 4703K, capacity 4969K, committed 4992K, reserved 1048576K
Event: 15.704 GC heap after
Heap after GC invocations=10 (full 1):
 PSYoungGen      total 138752K, used 11157K [0x00000000d5580000, 0x00000000e2c00000, 0x0000000100000000)
  eden space 127488K, 0% used [0x00000000d5580000,0x00000000d5580000,0x00000000dd200000)
  from space 11264K, 99% used [0x00000000dd200000,0x00000000ddce56d8,0x00000000ddd00000)
  to   space 12800K, 0% used [0x00000000e1f80000,0x00000000e1f80000,0x00000000e2c00000)
 ParOldGen       total 46592K, used 6738K [0x0000000080000000, 0x0000000082d80000, 0x00000000d5580000)
  object space 46592K, 14% used [0x0000000080000000,0x00000000806949e0,0x0000000082d80000)
 Metaspace       used 34268K, capacity 35380K, committed 35416K, reserved 1079296K
  class space    used 4703K, capacity 4969K, committed 4992K, reserved 1048576K
}
Event: 15.705 GC heap before
{Heap before GC invocations=11 (full 2):
 PSYoungGen      total 138752K, used 11157K [0x00000000d5580000, 0x00000000e2c00000, 0x0000000100000000)
  eden space 127488K, 0% used [0x00000000d5580000,0x00000000d5580000,0x00000000dd200000)
  from space 11264K, 99% used [0x00000000dd200000,0x00000000ddce56d8,0x00000000ddd00000)
  to   space 12800K, 0% used [0x00000000e1f80000,0x00000000e1f80000,0x00000000e2c00000)
 ParOldGen       total 46592K, used 6738K [0x0000000080000000, 0x0000000082d80000, 0x00000000d5580000)
  object space 46592K, 14% used [0x0000000080000000,0x00000000806949e0,0x0000000082d80000)
 Metaspace       used 34268K, capacity 35380K, committed 35416K, reserved 1079296K
  class space    used 4703K, capacity 4969K, committed 4992K, reserved 1048576K
Event: 15.782 GC heap after
Heap after GC invocations=11 (full 2):
 PSYoungGen      total 138752K, used 0K [0x00000000d5580000, 0x00000000e2c00000, 0x0000000100000000)
  eden space 127488K, 0% used [0x00000000d5580000,0x00000000d5580000,0x00000000dd200000)
  from space 11264K, 0% used [0x00000000dd200000,0x00000000dd200000,0x00000000ddd00000)
  to   space 12800K, 0% used [0x00000000e1f80000,0x00000000e1f80000,0x00000000e2c00000)
 ParOldGen       total 61440K, used 17404K [0x0000000080000000, 0x0000000083c00000, 0x00000000d5580000)
  object space 61440K, 28% used [0x0000000080000000,0x00000000810ff350,0x0000000083c00000)
 Metaspace       used 34268K, capacity 35380K, committed 35416K, reserved 1079296K
  class space    used 4703K, capacity 4969K, committed 4992K, reserved 1048576K
}

