# JRE version: OpenJDK Runtime Environment (8.0_242-b01) (build 1.8.0_242-release-1644-b01)
# Java VM: OpenJDK 64-Bit Server VM (25.242-b01 mixed mode windows-amd64 compressed oops)
Heap:
 PSYoungGen      total 436736K, used 309854K [0x00000000d5580000, 0x00000000f8580000, 0x0000000100000000)
  eden space 374784K, 69% used [0x00000000d5580000,0x00000000e54c3808,0x00000000ec380000)
  from space 61952K, 78% used [0x00000000ec380000,0x00000000ef2d4150,0x00000000f0000000)
  to   space 67072K, 0% used [0x00000000f4400000,0x00000000f4400000,0x00000000f8580000)
 ParOldGen       total 179712K, used 119629K [0x0000000080000000, 0x000000008af80000, 0x00000000d5580000)
  object space 179712K, 66% used [0x0000000080000000,0x00000000874d3610,0x000000008af80000)
 Metaspace       used 98894K, capacity 105392K, committed 105432K, reserved 1140736K
  class space    used 12688K, capacity 13789K, committed 13824K, reserved 1048576K
GC Heap History (10 events):
Event: 1270.773 GC heap before
{Heap before GC invocations=33 (full 4):
 PSYoungGen      total 389120K, used 378670K [0x00000000d5580000, 0x00000000f0b00000, 0x0000000100000000)
  eden space 356352K, 99% used [0x00000000d5580000,0x00000000eb17d948,0x00000000eb180000)
  from space 32768K, 68% used [0x00000000ed280000,0x00000000ee84e0d0,0x00000000ef280000)
  to   space 33792K, 0% used [0x00000000eb180000,0x00000000eb180000,0x00000000ed280000)
 ParOldGen       total 179712K, used 78457K [0x0000000080000000, 0x000000008af80000, 0x00000000d5580000)
  object space 179712K, 43% used [0x0000000080000000,0x0000000084c9e650,0x000000008af80000)
 Metaspace       used 96963K, capacity 102908K, committed 103128K, reserved 1138688K
  class space    used 12504K, capacity 13551K, committed 13568K, reserved 1048576K
Event: 1270.803 GC heap after
Heap after GC invocations=33 (full 4):
 PSYoungGen      total 360448K, used 18000K [0x00000000d5580000, 0x00000000ee480000, 0x0000000100000000)
  eden space 342016K, 0% used [0x00000000d5580000,0x00000000d5580000,0x00000000ea380000)
  from space 18432K, 97% used [0x00000000eb180000,0x00000000ec314268,0x00000000ec380000)
  to   space 33280K, 0% used [0x00000000ec400000,0x00000000ec400000,0x00000000ee480000)
 ParOldGen       total 179712K, used 78457K [0x0000000080000000, 0x000000008af80000, 0x00000000d5580000)
  object space 179712K, 43% used [0x0000000080000000,0x0000000084c9e650,0x000000008af80000)
 Metaspace       used 96963K, capacity 102908K, committed 103128K, reserved 1138688K
  class space    used 12504K, capacity 13551K, committed 13568K, reserved 1048576K
}
Event: 1636.841 GC heap before
{Heap before GC invocations=34 (full 4):
 PSYoungGen      total 360448K, used 360016K [0x00000000d5580000, 0x00000000ee480000, 0x0000000100000000)
  eden space 342016K, 100% used [0x00000000d5580000,0x00000000ea380000,0x00000000ea380000)
  from space 18432K, 97% used [0x00000000eb180000,0x00000000ec314268,0x00000000ec380000)
  to   space 33280K, 0% used [0x00000000ec400000,0x00000000ec400000,0x00000000ee480000)
 ParOldGen       total 179712K, used 78457K [0x0000000080000000, 0x000000008af80000, 0x00000000d5580000)
  object space 179712K, 43% used [0x0000000080000000,0x0000000084c9e650,0x000000008af80000)
 Metaspace       used 97466K, capacity 103654K, committed 103768K, reserved 1138688K
  class space    used 12560K, capacity 13614K, committed 13696K, reserved 1048576K
Event: 1636.878 GC heap after
Heap after GC invocations=34 (full 4):
 PSYoungGen      total 357376K, used 28920K [0x00000000d5580000, 0x00000000ee080000, 0x0000000100000000)
  eden space 328192K, 0% used [0x00000000d5580000,0x00000000d5580000,0x00000000e9600000)
  from space 29184K, 99% used [0x00000000ec400000,0x00000000ee03e1f8,0x00000000ee080000)
  to   space 36352K, 0% used [0x00000000e9980000,0x00000000e9980000,0x00000000ebd00000)
 ParOldGen       total 179712K, used 78465K [0x0000000080000000, 0x000000008af80000, 0x00000000d5580000)
  object space 179712K, 43% used [0x0000000080000000,0x0000000084ca0650,0x000000008af80000)
 Metaspace       used 97466K, capacity 103654K, committed 103768K, reserved 1138688K
  class space    used 12560K, capacity 13614K, committed 13696K, reserved 1048576K
}
Event: 1641.140 GC heap before
{Heap before GC invocations=35 (full 4):
 PSYoungGen      total 357376K, used 357112K [0x00000000d5580000, 0x00000000ee080000, 0x0000000100000000)
  eden space 328192K, 100% used [0x00000000d5580000,0x00000000e9600000,0x00000000e9600000)
  from space 29184K, 99% used [0x00000000ec400000,0x00000000ee03e1f8,0x00000000ee080000)
  to   space 36352K, 0% used [0x00000000e9980000,0x00000000e9980000,0x00000000ebd00000)
 ParOldGen       total 179712K, used 78465K [0x0000000080000000, 0x000000008af80000, 0x00000000d5580000)
  object space 179712K, 43% used [0x0000000080000000,0x0000000084ca0650,0x000000008af80000)
 Metaspace       used 98584K, capacity 105068K, committed 105176K, reserved 1140736K
  class space    used 12677K, capacity 13779K, committed 13824K, reserved 1048576K
Event: 1641.397 GC heap after
Heap after GC invocations=35 (full 4):
 PSYoungGen      total 368128K, used 36325K [0x00000000d5580000, 0x00000000f3500000, 0x0000000100000000)
  eden space 331776K, 0% used [0x00000000d5580000,0x00000000d5580000,0x00000000e9980000)
  from space 36352K, 99% used [0x00000000e9980000,0x00000000ebcf97d0,0x00000000ebd00000)
  to   space 54272K, 0% used [0x00000000f0000000,0x00000000f0000000,0x00000000f3500000)
 ParOldGen       total 179712K, used 112642K [0x0000000080000000, 0x000000008af80000, 0x00000000d5580000)
  object space 179712K, 62% used [0x0000000080000000,0x0000000086e00b28,0x000000008af80000)
 Metaspace       used 98584K, capacity 105068K, committed 105176K, reserved 1140736K
  class space    used 12677K, capacity 13779K, committed 13824K, reserved 1048576K
}
Event: 1643.715 GC heap before
{Heap before GC invocations=36 (full 4):
 PSYoungGen      total 368128K, used 368101K [0x00000000d5580000, 0x00000000f3500000, 0x0000000100000000)
  eden space 331776K, 100% used [0x00000000d5580000,0x00000000e9980000,0x00000000e9980000)
  from space 36352K, 99% used [0x00000000e9980000,0x00000000ebcf97d0,0x00000000ebd00000)
  to   space 54272K, 0% used [0x00000000f0000000,0x00000000f0000000,0x00000000f3500000)
 ParOldGen       total 179712K, used 112642K [0x0000000080000000, 0x000000008af80000, 0x00000000d5580000)
  object space 179712K, 62% used [0x0000000080000000,0x0000000086e00b28,0x000000008af80000)
 Metaspace       used 98779K, capacity 105230K, committed 105432K, reserved 1140736K
  class space    used 12684K, capacity 13784K, committed 13824K, reserved 1048576K
Event: 1643.814 GC heap after
Heap after GC invocations=36 (full 4):
 PSYoungGen      total 429056K, used 50785K [0x00000000d5580000, 0x00000000f5000000, 0x0000000100000000)
  eden space 374784K, 0% used [0x00000000d5580000,0x00000000d5580000,0x00000000ec380000)
  from space 54272K, 93% used [0x00000000f0000000,0x00000000f3198458,0x00000000f3500000)
  to   space 61952K, 0% used [0x00000000ec380000,0x00000000ec380000,0x00000000f0000000)
 ParOldGen       total 179712K, used 112642K [0x0000000080000000, 0x000000008af80000, 0x00000000d5580000)
  object space 179712K, 62% used [0x0000000080000000,0x0000000086e00b28,0x000000008af80000)
 Metaspace       used 98779K, capacity 105230K, committed 105432K, reserved 1140736K
  class space    used 12684K, capacity 13784K, committed 13824K, reserved 1048576K
}
Event: 1645.726 GC heap before
{Heap before GC invocations=37 (full 4):
 PSYoungGen      total 429056K, used 425569K [0x00000000d5580000, 0x00000000f5000000, 0x0000000100000000)
  eden space 374784K, 100% used [0x00000000d5580000,0x00000000ec380000,0x00000000ec380000)
  from space 54272K, 93% used [0x00000000f0000000,0x00000000f3198458,0x00000000f3500000)
  to   space 61952K, 0% used [0x00000000ec380000,0x00000000ec380000,0x00000000f0000000)
 ParOldGen       total 179712K, used 112642K [0x0000000080000000, 0x000000008af80000, 0x00000000d5580000)
  object space 179712K, 62% used [0x0000000080000000,0x0000000086e00b28,0x000000008af80000)
 Metaspace       used 98860K, capacity 105320K, committed 105432K, reserved 1140736K
  class space    used 12686K, capacity 13787K, committed 13824K, reserved 1048576K
Event: 1645.825 GC heap after
Heap after GC invocations=37 (full 4):
 PSYoungGen      total 436736K, used 48464K [0x00000000d5580000, 0x00000000f8580000, 0x0000000100000000)
  eden space 374784K, 0% used [0x00000000d5580000,0x00000000d5580000,0x00000000ec380000)
  from space 61952K, 78% used [0x00000000ec380000,0x00000000ef2d4150,0x00000000f0000000)
  to   space 67072K, 0% used [0x00000000f4400000,0x00000000f4400000,0x00000000f8580000)
 ParOldGen       total 179712K, used 119629K [0x0000000080000000, 0x000000008af80000, 0x00000000d5580000)
  object space 179712K, 66% used [0x0000000080000000,0x00000000874d3610,0x000000008af80000)
 Metaspace       used 98860K, capacity 105320K, committed 105432K, reserved 1140736K
  class space    used 12686K, capacity 13787K, committed 13824K, reserved 1048576K
}

