# JRE version: OpenJDK Runtime Environment (8.0_242-b01) (build 1.8.0_242-release-1644-b01)
# Java VM: OpenJDK 64-Bit Server VM (25.242-b01 mixed mode windows-amd64 compressed oops)
Heap:
 PSYoungGen      total 640512K, used 622119K [0x00000000d5580000, 0x0000000100000000, 0x0000000100000000)
  eden space 585216K, 100% used [0x00000000d5580000,0x00000000f9100000,0x00000000f9100000)
  from space 55296K, 66% used [0x00000000fc880000,0x00000000fec89ea8,0x00000000ffe80000)
  to   space 56832K, 8% used [0x00000000f9100000,0x00000000f958f748,0x00000000fc880000)
 ParOldGen       total 255488K, used 240278K [0x0000000080000000, 0x000000008f980000, 0x00000000d5580000)
  object space 255488K, 94% used [0x0000000080000000,0x000000008eaa7850,0x000000008f980000)
 Metaspace       used 98999K, capacity 104470K, committed 104792K, reserved 1140736K
  class space    used 12570K, capacity 13580K, committed 13696K, reserved 1048576K
GC Heap History (10 events):
Event: 1277.416 GC heap before
{Heap before GC invocations=51 (full 5):
 PSYoungGen      total 629248K, used 603470K [0x00000000d5580000, 0x00000000fff00000, 0x0000000100000000)
  eden space 568320K, 100% used [0x00000000d5580000,0x00000000f8080000,0x00000000f8080000)
  from space 60928K, 57% used [0x00000000f8080000,0x00000000fa2d3ad0,0x00000000fbc00000)
  to   space 61440K, 0% used [0x00000000fc300000,0x00000000fc300000,0x00000000fff00000)
 ParOldGen       total 255488K, used 206050K [0x0000000080000000, 0x000000008f980000, 0x00000000d5580000)
  object space 255488K, 80% used [0x0000000080000000,0x000000008c938a40,0x000000008f980000)
 Metaspace       used 98928K, capacity 104394K, committed 104792K, reserved 1140736K
  class space    used 12568K, capacity 13580K, committed 13696K, reserved 1048576K
Event: 1277.448 GC heap after
Heap after GC invocations=51 (full 5):
 PSYoungGen      total 635392K, used 15309K [0x00000000d5580000, 0x00000000ffc80000, 0x0000000100000000)
  eden space 576512K, 0% used [0x00000000d5580000,0x00000000d5580000,0x00000000f8880000)
  from space 58880K, 26% used [0x00000000fc300000,0x00000000fd1f34a8,0x00000000ffc80000)
  to   space 59392K, 0% used [0x00000000f8880000,0x00000000f8880000,0x00000000fc280000)
 ParOldGen       total 255488K, used 214941K [0x0000000080000000, 0x000000008f980000, 0x00000000d5580000)
  object space 255488K, 84% used [0x0000000080000000,0x000000008d1e74a0,0x000000008f980000)
 Metaspace       used 98928K, capacity 104394K, committed 104792K, reserved 1140736K
  class space    used 12568K, capacity 13580K, committed 13696K, reserved 1048576K
}
Event: 1279.453 GC heap before
{Heap before GC invocations=52 (full 5):
 PSYoungGen      total 635392K, used 591821K [0x00000000d5580000, 0x00000000ffc80000, 0x0000000100000000)
  eden space 576512K, 100% used [0x00000000d5580000,0x00000000f8880000,0x00000000f8880000)
  from space 58880K, 26% used [0x00000000fc300000,0x00000000fd1f34a8,0x00000000ffc80000)
  to   space 59392K, 0% used [0x00000000f8880000,0x00000000f8880000,0x00000000fc280000)
 ParOldGen       total 255488K, used 214941K [0x0000000080000000, 0x000000008f980000, 0x00000000d5580000)
  object space 255488K, 84% used [0x0000000080000000,0x000000008d1e74a0,0x000000008f980000)
 Metaspace       used 98940K, capacity 104394K, committed 104792K, reserved 1140736K
  class space    used 12569K, capacity 13580K, committed 13696K, reserved 1048576K
Event: 1279.489 GC heap after
Heap after GC invocations=52 (full 5):
 PSYoungGen      total 635904K, used 22282K [0x00000000d5580000, 0x00000000ffa80000, 0x0000000100000000)
  eden space 576512K, 0% used [0x00000000d5580000,0x00000000d5580000,0x00000000f8880000)
  from space 59392K, 37% used [0x00000000f8880000,0x00000000f9e42978,0x00000000fc280000)
  to   space 56320K, 0% used [0x00000000fc380000,0x00000000fc380000,0x00000000ffa80000)
 ParOldGen       total 255488K, used 219642K [0x0000000080000000, 0x000000008f980000, 0x00000000d5580000)
  object space 255488K, 85% used [0x0000000080000000,0x000000008d67ebd0,0x000000008f980000)
 Metaspace       used 98940K, capacity 104394K, committed 104792K, reserved 1140736K
  class space    used 12569K, capacity 13580K, committed 13696K, reserved 1048576K
}
Event: 1280.860 GC heap before
{Heap before GC invocations=53 (full 5):
 PSYoungGen      total 635904K, used 598794K [0x00000000d5580000, 0x00000000ffa80000, 0x0000000100000000)
  eden space 576512K, 100% used [0x00000000d5580000,0x00000000f8880000,0x00000000f8880000)
  from space 59392K, 37% used [0x00000000f8880000,0x00000000f9e42978,0x00000000fc280000)
  to   space 56320K, 0% used [0x00000000fc380000,0x00000000fc380000,0x00000000ffa80000)
 ParOldGen       total 255488K, used 219642K [0x0000000080000000, 0x000000008f980000, 0x00000000d5580000)
  object space 255488K, 85% used [0x0000000080000000,0x000000008d67ebd0,0x000000008f980000)
 Metaspace       used 98945K, capacity 104402K, committed 104792K, reserved 1140736K
  class space    used 12569K, capacity 13580K, committed 13696K, reserved 1048576K
Event: 1280.895 GC heap after
Heap after GC invocations=53 (full 5):
 PSYoungGen      total 637440K, used 31959K [0x00000000d5580000, 0x00000000ffc00000, 0x0000000100000000)
  eden space 581120K, 0% used [0x00000000d5580000,0x00000000d5580000,0x00000000f8d00000)
  from space 56320K, 56% used [0x00000000fc380000,0x00000000fe2b5f80,0x00000000ffa80000)
  to   space 55808K, 0% used [0x00000000f8d00000,0x00000000f8d00000,0x00000000fc380000)
 ParOldGen       total 255488K, used 225494K [0x0000000080000000, 0x000000008f980000, 0x00000000d5580000)
  object space 255488K, 88% used [0x0000000080000000,0x000000008dc35ac8,0x000000008f980000)
 Metaspace       used 98945K, capacity 104402K, committed 104792K, reserved 1140736K
  class space    used 12569K, capacity 13580K, committed 13696K, reserved 1048576K
}
Event: 1283.007 GC heap before
{Heap before GC invocations=54 (full 5):
 PSYoungGen      total 637440K, used 613079K [0x00000000d5580000, 0x00000000ffc00000, 0x0000000100000000)
  eden space 581120K, 100% used [0x00000000d5580000,0x00000000f8d00000,0x00000000f8d00000)
  from space 56320K, 56% used [0x00000000fc380000,0x00000000fe2b5f80,0x00000000ffa80000)
  to   space 55808K, 0% used [0x00000000f8d00000,0x00000000f8d00000,0x00000000fc380000)
 ParOldGen       total 255488K, used 225494K [0x0000000080000000, 0x000000008f980000, 0x00000000d5580000)
  object space 255488K, 88% used [0x0000000080000000,0x000000008dc35ac8,0x000000008f980000)
 Metaspace       used 98956K, capacity 104402K, committed 104792K, reserved 1140736K
  class space    used 12569K, capacity 13580K, committed 13696K, reserved 1048576K
Event: 1283.027 GC heap after
Heap after GC invocations=54 (full 5):
 PSYoungGen      total 636928K, used 10927K [0x00000000d5580000, 0x00000000ffe80000, 0x0000000100000000)
  eden space 581120K, 0% used [0x00000000d5580000,0x00000000d5580000,0x00000000f8d00000)
  from space 55808K, 19% used [0x00000000f8d00000,0x00000000f97abcb8,0x00000000fc380000)
  to   space 55296K, 0% used [0x00000000fc880000,0x00000000fc880000,0x00000000ffe80000)
 ParOldGen       total 255488K, used 231867K [0x0000000080000000, 0x000000008f980000, 0x00000000d5580000)
  object space 255488K, 90% used [0x0000000080000000,0x000000008e26ecf8,0x000000008f980000)
 Metaspace       used 98956K, capacity 104402K, committed 104792K, reserved 1140736K
  class space    used 12569K, capacity 13580K, committed 13696K, reserved 1048576K
}
Event: 1285.656 GC heap before
{Heap before GC invocations=55 (full 5):
 PSYoungGen      total 636928K, used 592047K [0x00000000d5580000, 0x00000000ffe80000, 0x0000000100000000)
  eden space 581120K, 100% used [0x00000000d5580000,0x00000000f8d00000,0x00000000f8d00000)
  from space 55808K, 19% used [0x00000000f8d00000,0x00000000f97abcb8,0x00000000fc380000)
  to   space 55296K, 0% used [0x00000000fc880000,0x00000000fc880000,0x00000000ffe80000)
 ParOldGen       total 255488K, used 231867K [0x0000000080000000, 0x000000008f980000, 0x00000000d5580000)
  object space 255488K, 90% used [0x0000000080000000,0x000000008e26ecf8,0x000000008f980000)
 Metaspace       used 98988K, capacity 104470K, committed 104792K, reserved 1140736K
  class space    used 12570K, capacity 13580K, committed 13696K, reserved 1048576K
Event: 1285.708 GC heap after
Heap after GC invocations=55 (full 5):
 PSYoungGen      total 640512K, used 36903K [0x00000000d5580000, 0x0000000100000000, 0x0000000100000000)
  eden space 585216K, 0% used [0x00000000d5580000,0x00000000d5580000,0x00000000f9100000)
  from space 55296K, 66% used [0x00000000fc880000,0x00000000fec89ea8,0x00000000ffe80000)
  to   space 56832K, 0% used [0x00000000f9100000,0x00000000f9100000,0x00000000fc880000)
 ParOldGen       total 255488K, used 234879K [0x0000000080000000, 0x000000008f980000, 0x00000000d5580000)
  object space 255488K, 91% used [0x0000000080000000,0x000000008e55ff40,0x000000008f980000)
 Metaspace       used 98988K, capacity 104470K, committed 104792K, reserved 1140736K
  class space    used 12570K, capacity 13580K, committed 13696K, reserved 1048576K
}

